<?xml version="1.0" encoding="UTF-8"?>
<!-- Generated by org.testng.reporters.JUnitReportReporter -->
<testsuite hostname="Filipe-PC" name="TC001.TC001" tests="1" failures="0" timestamp="7 Oct 2018 23:38:24 GMT" time="6.862" errors="0">
  <testcase name="f" time="6.862" classname="TC001.TC001"/>
</testsuite> <!-- TC001.TC001 -->
